24/09/2024 12:17:44: INFO: РџРѕР»СЊР·РѕРІР°С‚РµР»СЊ Admin РІРѕС€С‘Р» РІ СЃРёСЃС‚РµРјСѓ.
24/09/2024 12:17:44: INFO: РЎРїРёСЃРѕРє С„Р°Р№Р»РѕРІ РґР»СЏ РїРѕР»СЊР·РѕРІР°С‚РµР»СЏ Admin РІС‹РІРµРґРµРЅ РЅР° СЌРєСЂР°РЅ.  Class: FileService   Method: listFile
24/09/2024 12:50:51: INFO: РџРѕР»СЊР·РѕРІР°С‚РµР»СЊ Admin РІРѕС€С‘Р» РІ СЃРёСЃС‚РµРјСѓ.  
24/09/2024 12:50:51: INFO: РЎРїРёСЃРѕРє С„Р°Р№Р»РѕРІ РґР»СЏ РїРѕР»СЊР·РѕРІР°С‚РµР»СЏ Admin РІС‹РІРµРґРµРЅ РЅР° СЌРєСЂР°РЅ.  Class: FileService   Method: listFile
24/09/2024 12:50:53: INFO: Р¤Р°Р№Р» 2_2024-09-20T15:17:47.731116200Z.txt СЃРєР°С‡РµРЅ РїРѕР»СЊР·РѕРІР°С‚РµР»РµРј Admin.  Class: FileService   Method: downloadFile
24/09/2024 12:50:56: INFO: РџРѕР»СЊР·РѕРІР°С‚РµР»СЊ Admin РїРµСЂРµРёРјРµРЅРѕРІР°Р» С„Р°Р№Р» 2_2024-09-20T15:17:47.731116200Z.txt  Class: FileService   Method: renameFile
24/09/2024 12:51:01: INFO: Р¤Р°Р№Р» 219.txt СѓРґР°Р»С‘РЅ РїРѕР»СЊР·РѕРІР°С‚РµР»РµРј Admin.  Class: FileService   Method: deleteFile
24/09/2024 12:51:03: INFO: РЎРїРёСЃРѕРє С„Р°Р№Р»РѕРІ РґР»СЏ РїРѕР»СЊР·РѕРІР°С‚РµР»СЏ Admin РІС‹РІРµРґРµРЅ РЅР° СЌРєСЂР°РЅ.  Class: FileService   Method: listFile25/09/2024 09:39:49: INFO: РџРѕР»СЊР·РѕРІР°С‚РµР»СЊ Admin РІРѕС€С‘Р» РІ СЃРёСЃС‚РµРјСѓ.  
25/09/2024 13:28:14: ERROR: Внутренняя ошибка сервера  
25/09/2024 13:33:29: ERROR: Внутренняя ошибка сервера  
25/09/2024 13:37:06: ERROR: Внутренняя ошибка сервера  
25/09/2024 15:01:46: INFO: Пользователь Admin вошёл в систему.  
25/09/2024 15:03:08: INFO: Пользователь Admin вошёл в систему.  
25/09/2024 15:04:45: INFO: Пользователь Admin вошёл в систему.  
25/09/2024 15:17:44: INFO: Пользователь Admin вошёл в систему.  
25/09/2024 15:29:24: INFO: Пользователь Admin вошёл в систему.  
25/09/2024 15:32:27: INFO: Пользователь Admin вошёл в систему.  
25/09/2024 16:16:27: INFO: Пользователь Admin вошёл в систему.  
25/09/2024 16:17:36: INFO: РџРѕР»СЊР·РѕРІР°С‚РµР»СЊ Admin РІРѕС€С‘Р» РІ СЃРёСЃС‚РµРјСѓ.  
25/09/2024 16:17:36: INFO: РЎРїРёСЃРѕРє С„Р°Р№Р»РѕРІ РґР»СЏ РїРѕР»СЊР·РѕРІР°С‚РµР»СЏ Admin РІС‹РІРµРґРµРЅ РЅР° СЌРєСЂР°РЅ.  Class: FileService   Method: listFile
25/09/2024 16:17:36: INFO: РџРѕР»СЊР·РѕРІР°С‚РµР»СЊ Admin РІРѕС€С‘Р» РІ СЃРёСЃС‚РµРјСѓ.  
25/09/2024 16:17:43: INFO: Р¤Р°Р№Р» 1.txt СѓСЃРїРµС€РЅРѕ РґРѕР±Р°РІР»РµРЅ РІ Р±Р°Р·Сѓ РїРѕР»СЊР·РѕРІР°С‚РµР»РµРј Admin.  Class: FileService   Method: addFile
25/09/2024 16:17:45: INFO: РЎРїРёСЃРѕРє С„Р°Р№Р»РѕРІ РґР»СЏ РїРѕР»СЊР·РѕРІР°С‚РµР»СЏ Admin РІС‹РІРµРґРµРЅ РЅР° СЌРєСЂР°РЅ.  Class: FileService   Method: listFile
25/09/2024 16:17:48: INFO: РџРѕР»СЊР·РѕРІР°С‚РµР»СЊ Admin РїРµСЂРµРёРјРµРЅРѕРІР°Р» С„Р°Р№Р» 1_2024-09-25T13:17:43.381314900Z.txt  Class: FileService   Method: renameFile
25/09/2024 16:17:52: INFO: Р¤Р°Р№Р» 2_2024-09-20T15:17:47.731116200Z.txt СЃРєР°С‡РµРЅ РїРѕР»СЊР·РѕРІР°С‚РµР»РµРј Admin.  Class: FileService   Method: downloadFile
25/09/2024 16:17:56: INFO: Р¤Р°Р№Р» 2_2024-09-20T15:17:47.731116200Z.txt СѓРґР°Р»С‘РЅ РїРѕР»СЊР·РѕРІР°С‚РµР»РµРј Admin.  Class: FileService   Method: deleteFile
25/09/2024 16:17:58: INFO: РЎРїРёСЃРѕРє С„Р°Р№Р»РѕРІ РґР»СЏ РїРѕР»СЊР·РѕРІР°С‚РµР»СЏ Admin РІС‹РІРµРґРµРЅ РЅР° СЌРєСЂР°РЅ.  Class: FileService   Method: listFile
25/09/2024 16:21:23: INFO: Пользователь Admin вошёл в систему.  
25/09/2024 16:21:32: INFO: РџРѕР»СЊР·РѕРІР°С‚РµР»СЊ Admin РІРѕС€С‘Р» РІ СЃРёСЃС‚РµРјСѓ.  
